2017-09-26 18:18:37,533 WARN  [SoapUI] Missing folder [/home/ofer/IdeaProjects/SoapRequestGenerator/ext] for external libraries
2017-09-26 18:18:37,533 INFO  [DefaultSoapUICore] Creating new settings at [/home/ofer/soapui-settings.xml]
2017-09-26 18:18:38,874 INFO  [SchemaUtils] Added default schema from file:/home/ofer/.m2/repository/com/smartbear/soapui/soapui/5.1.0/soapui-5.1.0.jar!/com/eviware/soapui/resources/xsds/xop.xsd with targetNamespace http://www.w3.org/2004/08/xop/include
2017-09-26 18:18:38,917 INFO  [SchemaUtils] Added default schema from file:/home/ofer/.m2/repository/com/smartbear/soapui/soapui/5.1.0/soapui-5.1.0.jar!/com/eviware/soapui/resources/xsds/XMLSchema.xsd with targetNamespace http://www.w3.org/2001/XMLSchema
2017-09-26 18:18:38,920 INFO  [SchemaUtils] Added default schema from file:/home/ofer/.m2/repository/com/smartbear/soapui/soapui/5.1.0/soapui-5.1.0.jar!/com/eviware/soapui/resources/xsds/xml.xsd with targetNamespace http://www.w3.org/XML/1998/namespace
2017-09-26 18:18:38,922 INFO  [SchemaUtils] Added default schema from file:/home/ofer/.m2/repository/com/smartbear/soapui/soapui/5.1.0/soapui-5.1.0.jar!/com/eviware/soapui/resources/xsds/swaref.xsd with targetNamespace http://ws-i.org/profiles/basic/1.1/xsd
2017-09-26 18:18:38,923 INFO  [SchemaUtils] Added default schema from file:/home/ofer/.m2/repository/com/smartbear/soapui/soapui/5.1.0/soapui-5.1.0.jar!/com/eviware/soapui/resources/xsds/xmime200505.xsd with targetNamespace http://www.w3.org/2005/05/xmlmime
2017-09-26 18:18:38,924 INFO  [SchemaUtils] Added default schema from file:/home/ofer/.m2/repository/com/smartbear/soapui/soapui/5.1.0/soapui-5.1.0.jar!/com/eviware/soapui/resources/xsds/xmime200411.xsd with targetNamespace http://www.w3.org/2004/11/xmlmime
2017-09-26 18:18:38,928 INFO  [SchemaUtils] Added default schema from file:/home/ofer/.m2/repository/com/smartbear/soapui/soapui/5.1.0/soapui-5.1.0.jar!/com/eviware/soapui/resources/xsds/soapEnvelope.xsd with targetNamespace http://schemas.xmlsoap.org/soap/envelope/
2017-09-26 18:18:38,934 INFO  [SchemaUtils] Added default schema from file:/home/ofer/.m2/repository/com/smartbear/soapui/soapui/5.1.0/soapui-5.1.0.jar!/com/eviware/soapui/resources/xsds/soapEncoding.xsd with targetNamespace http://schemas.xmlsoap.org/soap/encoding/
2017-09-26 18:18:38,936 INFO  [SchemaUtils] Added default schema from file:/home/ofer/.m2/repository/com/smartbear/soapui/soapui/5.1.0/soapui-5.1.0.jar!/com/eviware/soapui/resources/xsds/soapEnvelope12.xsd with targetNamespace http://www.w3.org/2003/05/soap-envelope
2017-09-26 18:18:38,941 INFO  [SchemaUtils] Added default schema from file:/home/ofer/.m2/repository/com/smartbear/soapui/soapui/5.1.0/soapui-5.1.0.jar!/com/eviware/soapui/resources/xsds/soapEncoding12.xsd with targetNamespace http://www.w3.org/2003/05/soap-encoding
2017-09-26 18:18:44,522 INFO  [SchemaUtils] Loading schema types from [https://svn.apache.org/repos/asf/airavata/sandbox/xbaya-web/test/Calculator.wsdl]
2017-09-26 18:18:44,522 INFO  [SchemaUtils] Getting schema https://svn.apache.org/repos/asf/airavata/sandbox/xbaya-web/test/Calculator.wsdl
2017-09-26 18:18:44,731 INFO  [WsdlImporter] Finding importer for {http://c.b.a}CalculatorSoap11Binding
2017-09-26 18:18:44,734 INFO  [WsdlImporter] Importing binding {http://c.b.a}CalculatorSoap11Binding
2017-09-26 18:18:44,760 INFO  [Soap11HttpBindingImporter] importing endpoint http://156.56.179.164:9763/services/Calculator.CalculatorHttpSoap11Endpoint/
2017-09-26 18:18:44,768 INFO  [Soap11HttpBindingImporter] importing endpoint https://156.56.179.164:9443/services/Calculator.CalculatorHttpsSoap11Endpoint/
2017-09-26 18:18:44,770 INFO  [Soap11HttpBindingImporter] importing operation add
2017-09-26 18:18:44,853 INFO  [WsdlImporter] Finding importer for {http://c.b.a}CalculatorHttpBinding
2017-09-26 18:18:44,853 INFO  [WsdlImporter] Missing importer for {http://c.b.a}CalculatorHttpBinding
2017-09-26 18:18:44,853 INFO  [WsdlImporter] Finding importer for {http://c.b.a}CalculatorSoap12Binding
2017-09-26 18:18:44,853 INFO  [WsdlImporter] Importing binding {http://c.b.a}CalculatorSoap12Binding
2017-09-26 18:18:44,854 INFO  [Soap12HttpBindingImporter] importing endpoint http://156.56.179.164:9763/services/Calculator.CalculatorHttpSoap12Endpoint/
2017-09-26 18:18:44,854 INFO  [Soap12HttpBindingImporter] importing endpoint https://156.56.179.164:9443/services/Calculator.CalculatorHttpsSoap12Endpoint/
2017-09-26 18:18:44,855 INFO  [Soap12HttpBindingImporter] importing operation add
2017-09-26 18:18:44,856 INFO  [WsdlImporter] Finding importer for {http://c.b.a}CalculatorHttpBinding
2017-09-26 18:18:44,856 INFO  [WsdlImporter] Missing importer for {http://c.b.a}CalculatorHttpBinding
2017-09-26 18:18:44,856 INFO  [WsdlImporter] Finding importer for {http://c.b.a}CalculatorHttpBinding
2017-09-26 18:18:44,856 INFO  [WsdlImporter] Missing importer for {http://c.b.a}CalculatorHttpBinding
