2017-09-26 16:26:34,450 ERROR [errorlog] java.lang.AbstractMethodError: org.slf4j.impl.Log4jLoggerAdapter.log(Lorg/slf4j/Marker;Ljava/lang/String;ILjava/lang/String;[Ljava/lang/Object;Ljava/lang/Throwable;)V
java.lang.AbstractMethodError: org.slf4j.impl.Log4jLoggerAdapter.log(Lorg/slf4j/Marker;Ljava/lang/String;ILjava/lang/String;[Ljava/lang/Object;Ljava/lang/Throwable;)V
	at org.apache.commons.logging.impl.SLF4JLocationAwareLog.debug(SLF4JLocationAwareLog.java:131)
	at org.apache.http.client.protocol.RequestAuthCache.process(RequestAuthCache.java:76)
	at org.apache.http.protocol.ImmutableHttpProcessor.process(ImmutableHttpProcessor.java:132)
	at org.apache.http.protocol.HttpRequestExecutor.preProcess(HttpRequestExecutor.java:166)
	at com.eviware.soapui.impl.wsdl.support.http.HttpClientSupport$SoapUIHttpRequestExecutor.preProcess(HttpClientSupport.java:113)
	at org.apache.http.impl.client.DefaultRequestDirector.execute(DefaultRequestDirector.java:486)
	at org.apache.http.impl.client.AbstractHttpClient.doExecute(AbstractHttpClient.java:884)
	at org.apache.http.impl.client.CloseableHttpClient.execute(CloseableHttpClient.java:82)
	at org.apache.http.impl.client.CloseableHttpClient.execute(CloseableHttpClient.java:55)
	at com.eviware.soapui.impl.wsdl.support.wsdl.UrlWsdlLoader$LoaderWorker.construct(UrlWsdlLoader.java:204)
	at com.eviware.soapui.impl.wsdl.support.wsdl.UrlWsdlLoader.load(UrlWsdlLoader.java:131)
	at com.eviware.soapui.impl.wsdl.support.wsdl.WsdlLoader.readCleanWsdlFrom(WsdlLoader.java:123)
	at com.eviware.soapui.impl.wsdl.support.wsdl.WsdlLoader.loadXmlObject(WsdlLoader.java:101)
	at com.eviware.soapui.impl.wsdl.support.xsd.SchemaUtils.getDefinitionParts(SchemaUtils.java:488)
	at com.eviware.soapui.impl.wsdl.support.xsd.SchemaUtils.getDefinitionParts(SchemaUtils.java:477)
	at com.eviware.soapui.impl.support.definition.support.AbstractDefinitionCache.update(AbstractDefinitionCache.java:94)
	at com.eviware.soapui.impl.support.definition.support.AbstractDefinitionContext$Loader.construct(AbstractDefinitionContext.java:209)
	at com.eviware.soapui.support.swing.SwingWorkerDelegator.construct(SwingWorkerDelegator.java:46)
	at com.eviware.soapui.support.swing.SwingWorker$2.run(SwingWorker.java:131)
	at java.lang.Thread.run(Thread.java:748)
